<?xml version="1.0" encoding="utf-8"?><testsuites name="pytest tests"><testsuite name="pytest" errors="0" failures="2" skipped="0" tests="12" time="3.235" timestamp="2026-07-14T19:06:44.244646+00:00" hostname="agent-env-b07e8e8c-c0de-49cf-8c4c-64e46a7af919"><testcase classname="backend.tests.test_security_hardening" name="test_removed_endpoints_return_404[/chat]" time="0.184" /><testcase classname="backend.tests.test_security_hardening" name="test_removed_endpoints_return_404[/ai-coach]" time="0.158" /><testcase classname="backend.tests.test_security_hardening" name="test_removed_endpoints_return_404[/glow-up/generate]" time="0.112" /><testcase classname="backend.tests.test_security_hardening" name="test_ai_chat_message_too_long_returns_422" time="0.119" /><testcase classname="backend.tests.test_security_hardening" name="test_ai_chat_system_prompt_too_long_returns_422" time="0.169" /><testcase classname="backend.tests.test_security_hardening" name="test_ai_chat_empty_message_returns_422" time="0.173" /><testcase classname="backend.tests.test_security_hardening" name="test_ai_chat_valid_returns_200_or_429" time="1.236" /><testcase classname="backend.tests.test_security_hardening" name="test_health_returns_only_status_ok" time="0.102" /><testcase classname="backend.tests.test_security_hardening" name="test_cors_disallowed_origin_no_acao_header" time="0.076"><failure message="AssertionError: disallowed origin got ACAO: *&#10;assert ('*' != 'https://evil.com' and '*' != '*')">E   AssertionError: disallowed origin got ACAO: *
    assert ('*' != 'https://evil.com' and '*' != '*')</failure></testcase><testcase classname="backend.tests.test_security_hardening" name="test_cors_allowed_origin_preflight_ok" time="0.083"><failure message="AssertionError: allowed origin didn't get ACAO. got='*', status=204&#10;assert '*' == 'https://buil...lifedaily.com'&#10;  &#10;  - https://buildingmyawesomelifedaily.com&#10;  + *">E   AssertionError: allowed origin didn't get ACAO. got='*', status=204
    assert '*' == 'https://buil...lifedaily.com'
      
      - https://buildingmyawesomelifedaily.com
      + *</failure></testcase><testcase classname="backend.tests.test_security_hardening" name="test_ai_chat_invalid_model_generic_error" time="0.774" /><testcase classname="backend.tests.test_security_hardening" name="test_firestore_rules_contains_required_helpers" time="0.000" /></testsuite></testsuites>